TN:
SF:src/app/dashboard/dashboard.component.ts
FN:48,(anonymous_0)
FN:61,(anonymous_1)
FN:65,(anonymous_2)
FN:67,(anonymous_3)
FN:68,(anonymous_4)
FN:72,(anonymous_5)
FN:82,(anonymous_6)
FN:93,(anonymous_7)
FN:105,(anonymous_8)
FN:112,(anonymous_9)
FN:115,(anonymous_10)
FN:119,(anonymous_11)
FN:120,(anonymous_12)
FN:124,(anonymous_13)
FN:126,(anonymous_14)
FN:133,(anonymous_15)
FN:134,(anonymous_16)
FN:141,(anonymous_17)
FN:142,(anonymous_18)
FN:143,(anonymous_19)
FN:147,(anonymous_20)
FN:149,(anonymous_21)
FN:158,(anonymous_22)
FN:160,(anonymous_23)
FN:167,(anonymous_24)
FN:175,(anonymous_25)
FN:182,(anonymous_26)
FN:189,(anonymous_27)
FN:198,(anonymous_28)
FN:236,(anonymous_29)
FN:251,(anonymous_30)
FN:261,(anonymous_31)
FN:266,(anonymous_32)
FN:275,(anonymous_33)
FN:292,(anonymous_34)
FN:302,(anonymous_35)
FN:312,(anonymous_36)
FN:323,(anonymous_37)
FN:326,(anonymous_38)
FN:328,(anonymous_39)
FN:338,(anonymous_40)
FN:383,(anonymous_41)
FNF:42
FNH:21
FNDA:8,(anonymous_0)
FNDA:0,(anonymous_1)
FNDA:11,(anonymous_2)
FNDA:11,(anonymous_3)
FNDA:77,(anonymous_4)
FNDA:11,(anonymous_5)
FNDA:11,(anonymous_6)
FNDA:11,(anonymous_7)
FNDA:17,(anonymous_8)
FNDA:17,(anonymous_9)
FNDA:51,(anonymous_10)
FNDA:952,(anonymous_11)
FNDA:32946,(anonymous_12)
FNDA:9724,(anonymous_13)
FNDA:85,(anonymous_14)
FNDA:1133,(anonymous_15)
FNDA:0,(anonymous_16)
FNDA:0,(anonymous_17)
FNDA:0,(anonymous_18)
FNDA:0,(anonymous_19)
FNDA:0,(anonymous_20)
FNDA:0,(anonymous_21)
FNDA:0,(anonymous_22)
FNDA:0,(anonymous_23)
FNDA:0,(anonymous_24)
FNDA:0,(anonymous_25)
FNDA:0,(anonymous_26)
FNDA:0,(anonymous_27)
FNDA:6,(anonymous_28)
FNDA:6,(anonymous_29)
FNDA:0,(anonymous_30)
FNDA:0,(anonymous_31)
FNDA:0,(anonymous_32)
FNDA:0,(anonymous_33)
FNDA:1,(anonymous_34)
FNDA:1,(anonymous_35)
FNDA:1,(anonymous_36)
FNDA:0,(anonymous_37)
FNDA:0,(anonymous_38)
FNDA:0,(anonymous_39)
FNDA:10,(anonymous_40)
FNDA:0,(anonymous_41)
DA:30,1
DA:32,8
DA:33,8
DA:34,8
DA:36,8
DA:37,8
DA:38,8
DA:39,8
DA:40,8
DA:41,8
DA:42,8
DA:43,8
DA:44,8
DA:46,8
DA:49,8
DA:50,8
DA:51,8
DA:52,8
DA:53,8
DA:54,8
DA:55,8
DA:56,8
DA:62,0
DA:66,11
DA:67,11
DA:68,77
DA:73,11
DA:83,11
DA:84,11
DA:85,11
DA:86,11
DA:87,11
DA:94,11
DA:106,17
DA:108,17
DA:113,17
DA:114,17
DA:115,17
DA:116,51
DA:118,17
DA:119,17
DA:120,32946
DA:121,952
DA:122,884
DA:123,884
DA:124,9724
DA:125,884
DA:126,85
DA:127,68
DA:129,816
DA:133,1133
DA:135,0
DA:136,0
DA:137,0
DA:142,0
DA:143,0
DA:144,0
DA:145,0
DA:146,0
DA:147,0
DA:148,0
DA:149,0
DA:150,0
DA:152,0
DA:159,0
DA:160,0
DA:161,0
DA:163,0
DA:168,0
DA:176,0
DA:183,0
DA:190,0
DA:200,6
DA:202,1
DA:206,1
DA:208,1
DA:212,1
DA:215,2
DA:220,2
DA:222,1
DA:227,1
DA:229,1
DA:234,1
DA:236,6
DA:237,6
DA:238,6
DA:239,6
DA:240,6
DA:243,0
DA:252,0
DA:262,0
DA:263,0
DA:264,0
DA:265,0
DA:266,0
DA:267,0
DA:268,0
DA:269,0
DA:271,0
DA:275,0
DA:276,0
DA:277,0
DA:278,0
DA:280,0
DA:293,1
DA:294,1
DA:295,1
DA:303,1
DA:304,1
DA:305,1
DA:313,1
DA:314,1
DA:315,1
DA:324,0
DA:325,0
DA:326,0
DA:327,0
DA:328,0
DA:330,0
DA:339,10
DA:341,2
DA:342,1
DA:343,1
DA:345,1
DA:346,1
DA:349,2
DA:350,1
DA:351,1
DA:353,1
DA:354,1
DA:357,2
DA:358,1
DA:359,1
DA:361,1
DA:362,1
DA:365,1
DA:366,1
DA:368,1
DA:369,1
DA:371,1
DA:372,1
DA:374,1
DA:375,1
DA:384,0
DA:386,0
DA:387,0
DA:388,0
DA:389,0
DA:390,0
DA:392,0
DA:393,0
DA:396,0
DA:397,0
DA:398,0
DA:399,0
DA:400,0
DA:402,0
DA:403,0
LF:158
LH:99
BRDA:68,0,0,0
BRDA:68,0,1,11
BRDA:68,1,0,11
BRDA:68,1,1,11
BRDA:121,2,0,884
BRDA:125,3,0,68
BRDA:125,3,1,816
BRDA:127,4,0,34
BRDA:127,4,1,34
BRDA:144,5,0,0
BRDA:148,6,0,0
BRDA:148,6,1,0
BRDA:150,7,0,0
BRDA:150,7,1,0
BRDA:159,8,0,0
BRDA:159,8,1,0
BRDA:161,9,0,0
BRDA:161,9,1,0
BRDA:200,10,0,1
BRDA:200,10,1,1
BRDA:200,10,2,1
BRDA:200,10,3,2
BRDA:200,10,4,1
BRDA:200,10,5,1
BRDA:239,11,0,6
BRDA:259,12,0,0
BRDA:259,12,1,0
BRDA:259,13,0,0
BRDA:259,13,1,0
BRDA:262,14,0,0
BRDA:265,15,0,0
BRDA:265,15,1,0
BRDA:265,16,0,0
BRDA:265,16,1,0
BRDA:267,17,0,0
BRDA:267,17,1,0
BRDA:267,18,0,0
BRDA:267,18,1,0
BRDA:267,19,0,0
BRDA:267,19,1,0
BRDA:276,20,0,0
BRDA:276,20,1,0
BRDA:276,21,0,0
BRDA:276,21,1,0
BRDA:276,22,0,0
BRDA:276,22,1,0
BRDA:325,23,0,0
BRDA:325,23,1,0
BRDA:327,24,0,0
BRDA:327,24,1,0
BRDA:339,25,0,2
BRDA:339,25,1,2
BRDA:339,25,2,2
BRDA:339,25,3,1
BRDA:339,25,4,1
BRDA:339,25,5,1
BRDA:339,25,6,1
BRDA:341,26,0,1
BRDA:341,26,1,1
BRDA:349,27,0,1
BRDA:349,27,1,1
BRDA:357,28,0,1
BRDA:357,28,1,1
BRDA:384,29,0,0
BRDA:384,29,1,0
BRDA:386,30,0,0
BRDA:386,30,1,0
BRDA:396,31,0,0
BRDA:396,31,1,0
BRF:69
BRH:28
end_of_record
TN:
SF:src/app/dashboard/add-customer-account-modal/add-customer-account-modal.component.ts
FN:27,(anonymous_0)
FN:38,(anonymous_1)
FN:44,(anonymous_2)
FN:52,(anonymous_3)
FN:60,(anonymous_4)
FN:67,(anonymous_5)
FN:77,(anonymous_6)
FNF:7
FNH:0
FNDA:0,(anonymous_0)
FNDA:0,(anonymous_1)
FNDA:0,(anonymous_2)
FNDA:0,(anonymous_3)
FNDA:0,(anonymous_4)
FNDA:0,(anonymous_5)
FNDA:0,(anonymous_6)
DA:13,1
DA:14,0
DA:22,0
DA:26,0
DA:28,0
DA:29,0
DA:30,0
DA:31,0
DA:32,0
DA:39,0
DA:45,0
DA:46,0
DA:52,0
DA:53,0
DA:54,0
DA:59,0
DA:60,0
DA:61,0
DA:62,0
DA:64,0
DA:65,0
DA:66,0
DA:68,0
DA:69,0
DA:70,0
DA:71,0
DA:74,0
DA:75,0
DA:78,0
DA:79,0
DA:80,0
LF:31
LH:1
BRDA:53,0,0,0
BRDA:53,0,1,0
BRDA:61,1,0,0
BRDA:61,1,1,0
BRF:4
BRH:0
end_of_record
TN:
SF:src/app/dashboard/add-subaccount-modal/add-subaccount-modal.component.ts
FN:21,(anonymous_0)
FN:29,(anonymous_1)
FN:30,(anonymous_2)
FN:37,(anonymous_3)
FN:43,(anonymous_4)
FN:50,(anonymous_5)
FN:60,(anonymous_6)
FNF:7
FNH:0
FNDA:0,(anonymous_0)
FNDA:0,(anonymous_1)
FNDA:0,(anonymous_2)
FNDA:0,(anonymous_3)
FNDA:0,(anonymous_4)
FNDA:0,(anonymous_5)
FNDA:0,(anonymous_6)
DA:13,1
DA:14,0
DA:19,0
DA:22,0
DA:23,0
DA:24,0
DA:25,0
DA:26,0
DA:30,0
DA:31,0
DA:38,0
DA:44,0
DA:45,0
DA:50,0
DA:51,0
DA:52,0
DA:53,0
DA:54,0
DA:56,0
DA:57,0
DA:58,0
DA:61,0
DA:62,0
DA:63,0
LF:24
LH:1
BRDA:51,0,0,0
BRDA:51,0,1,0
BRF:2
BRH:0
end_of_record
TN:
SF:src/app/dashboard/admin-emails-modal/admin-emails.component.ts
FN:26,(anonymous_0)
FN:35,(anonymous_1)
FN:41,(anonymous_2)
FN:48,(anonymous_3)
FN:52,(anonymous_4)
FN:55,(anonymous_5)
FN:59,(anonymous_6)
FN:66,(anonymous_7)
FN:77,(anonymous_8)
FN:79,(anonymous_9)
FN:86,(anonymous_10)
FN:93,(anonymous_11)
FN:97,(anonymous_12)
FN:105,(anonymous_13)
FNF:14
FNH:0
FNDA:0,(anonymous_0)
FNDA:0,(anonymous_1)
FNDA:0,(anonymous_2)
FNDA:0,(anonymous_3)
FNDA:0,(anonymous_4)
FNDA:0,(anonymous_5)
FNDA:0,(anonymous_6)
FNDA:0,(anonymous_7)
FNDA:0,(anonymous_8)
FNDA:0,(anonymous_9)
FNDA:0,(anonymous_10)
FNDA:0,(anonymous_11)
FNDA:0,(anonymous_12)
FNDA:0,(anonymous_13)
DA:15,1
DA:17,0
DA:23,0
DA:27,0
DA:28,0
DA:29,0
DA:30,0
DA:31,0
DA:32,0
DA:36,0
DA:37,0
DA:38,0
DA:39,0
DA:40,0
DA:41,0
DA:42,0
DA:43,0
DA:49,0
DA:53,0
DA:54,0
DA:55,0
DA:59,0
DA:60,0
DA:61,0
DA:62,0
DA:63,0
DA:65,0
DA:67,0
DA:68,0
DA:69,0
DA:72,0
DA:73,0
DA:78,0
DA:79,0
DA:80,0
DA:81,0
DA:82,0
DA:84,0
DA:85,0
DA:87,0
DA:88,0
DA:89,0
DA:94,0
DA:98,0
DA:102,0
DA:106,0
LF:46
LH:1
BRDA:37,0,0,0
BRDA:42,1,0,0
BRDA:42,1,1,0
BRDA:42,2,0,0
BRDA:42,2,1,0
BRDA:54,3,0,0
BRDA:54,3,1,0
BRDA:60,4,0,0
BRDA:60,4,1,0
BRDA:80,5,0,0
BRDA:80,5,1,0
BRDA:80,6,0,0
BRDA:80,6,1,0
BRDA:80,7,0,0
BRDA:80,7,1,0
BRF:15
BRH:0
end_of_record
TN:
SF:src/app/dashboard/modify-customer-account/modify-customer-account.component.ts
FN:26,(anonymous_0)
FN:34,(anonymous_1)
FN:43,(anonymous_2)
FN:50,(anonymous_3)
FN:69,(anonymous_4)
FN:76,(anonymous_5)
FN:86,(anonymous_6)
FNF:7
FNH:0
FNDA:0,(anonymous_0)
FNDA:0,(anonymous_1)
FNDA:0,(anonymous_2)
FNDA:0,(anonymous_3)
FNDA:0,(anonymous_4)
FNDA:0,(anonymous_5)
FNDA:0,(anonymous_6)
DA:14,1
DA:15,0
DA:21,0
DA:24,0
DA:27,0
DA:28,0
DA:29,0
DA:30,0
DA:31,0
DA:32,0
DA:35,0
DA:36,0
DA:37,0
DA:44,0
DA:51,0
DA:52,0
DA:53,0
DA:54,0
DA:59,0
DA:62,0
DA:63,0
DA:67,0
DA:69,0
DA:70,0
DA:71,0
DA:72,0
DA:73,0
DA:75,0
DA:77,0
DA:78,0
DA:79,0
DA:87,0
LF:32
LH:1
BRDA:35,0,0,0
BRDA:62,1,0,0
BRDA:70,2,0,0
BRDA:70,2,1,0
BRF:4
BRH:0
end_of_record
TN:
SF:src/app/dashboard/subaccount-admin-emails-modal/subaccount-admin-emails.component.ts
FN:26,(anonymous_0)
FN:35,(anonymous_1)
FN:41,(anonymous_2)
FN:48,(anonymous_3)
FN:52,(anonymous_4)
FN:55,(anonymous_5)
FN:59,(anonymous_6)
FN:66,(anonymous_7)
FN:77,(anonymous_8)
FN:79,(anonymous_9)
FN:86,(anonymous_10)
FN:93,(anonymous_11)
FN:97,(anonymous_12)
FN:105,(anonymous_13)
FNF:14
FNH:0
FNDA:0,(anonymous_0)
FNDA:0,(anonymous_1)
FNDA:0,(anonymous_2)
FNDA:0,(anonymous_3)
FNDA:0,(anonymous_4)
FNDA:0,(anonymous_5)
FNDA:0,(anonymous_6)
FNDA:0,(anonymous_7)
FNDA:0,(anonymous_8)
FNDA:0,(anonymous_9)
FNDA:0,(anonymous_10)
FNDA:0,(anonymous_11)
FNDA:0,(anonymous_12)
FNDA:0,(anonymous_13)
DA:15,1
DA:17,0
DA:23,0
DA:27,0
DA:28,0
DA:29,0
DA:30,0
DA:31,0
DA:32,0
DA:36,0
DA:37,0
DA:38,0
DA:39,0
DA:40,0
DA:41,0
DA:42,0
DA:43,0
DA:49,0
DA:53,0
DA:54,0
DA:55,0
DA:59,0
DA:60,0
DA:61,0
DA:62,0
DA:63,0
DA:65,0
DA:67,0
DA:68,0
DA:69,0
DA:72,0
DA:73,0
DA:78,0
DA:79,0
DA:80,0
DA:81,0
DA:82,0
DA:84,0
DA:85,0
DA:87,0
DA:88,0
DA:89,0
DA:94,0
DA:98,0
DA:102,0
DA:106,0
LF:46
LH:1
BRDA:37,0,0,0
BRDA:42,1,0,0
BRDA:42,1,1,0
BRDA:42,2,0,0
BRDA:42,2,1,0
BRDA:54,3,0,0
BRDA:54,3,1,0
BRDA:60,4,0,0
BRDA:60,4,1,0
BRDA:80,5,0,0
BRDA:80,5,1,0
BRDA:80,6,0,0
BRDA:80,6,1,0
BRDA:80,7,0,0
BRDA:80,7,1,0
BRF:15
BRH:0
end_of_record
TN:
SF:src/app/dialogs/confirm/confirm.component.ts
FN:12,(anonymous_0)
FNF:1
FNH:0
FNDA:0,(anonymous_0)
DA:10,1
DA:13,0
LF:2
LH:1
BRF:0
BRH:0
end_of_record
TN:
SF:src/app/dialogs/delete-customer/delete-customer-modal.component.ts
FN:12,(anonymous_0)
FNF:1
FNH:0
FNDA:0,(anonymous_0)
DA:10,1
DA:13,0
LF:2
LH:1
BRF:0
BRH:0
end_of_record
TN:
SF:src/app/directives/check-access-for.directive.ts
FN:12,(anonymous_0)
FN:17,(anonymous_1)
FN:24,(anonymous_2)
FN:26,(anonymous_3)
FNF:4
FNH:4
FNDA:16,(anonymous_0)
FNDA:6,(anonymous_1)
FNDA:6,(anonymous_2)
FNDA:6,(anonymous_3)
DA:8,1
DA:13,16
DA:14,16
DA:15,16
DA:18,6
DA:19,6
DA:21,0
DA:25,6
DA:26,6
DA:27,6
LF:10
LH:9
BRDA:18,0,0,6
BRDA:18,0,1,0
BRDA:26,1,0,0
BRDA:26,1,1,6
BRDA:26,2,0,6
BRDA:26,2,1,6
BRF:6
BRH:4
end_of_record
TN:
SF:src/app/directives/date-range-directive.ts
FN:13,(anonymous_0)
FN:15,(anonymous_1)
FN:19,(anonymous_2)
FN:23,(anonymous_3)
FN:72,(anonymous_5)
FN:62,(anonymous_6)
FN:65,(anonymous_7)
FN:68,(anonymous_8)
FNF:8
FNH:0
FNDA:0,(anonymous_0)
FNDA:0,(anonymous_1)
FNDA:0,(anonymous_2)
FNDA:0,(anonymous_3)
FNDA:0,(anonymous_5)
FNDA:0,(anonymous_6)
FNDA:0,(anonymous_7)
FNDA:0,(anonymous_8)
DA:7,1
DA:13,0
DA:16,0
DA:20,0
DA:24,0
DA:25,0
DA:28,0
DA:29,0
DA:30,0
DA:31,0
DA:33,0
DA:34,0
DA:37,0
DA:38,0
DA:40,0
DA:41,0
DA:42,0
DA:43,0
DA:45,0
DA:47,0
DA:60,1
DA:63,0
DA:66,0
DA:69,0
DA:73,0
LF:25
LH:2
BRDA:24,0,0,0
BRDA:28,1,0,0
BRDA:28,1,1,0
BRDA:40,2,0,0
BRDA:42,3,0,0
BRF:5
BRH:0
end_of_record
TN:
SF:src/app/directives/feature-toggle.directive.ts
FN:12,(anonymous_0)
FN:19,(anonymous_1)
FNF:2
FNH:0
FNDA:0,(anonymous_0)
FNDA:0,(anonymous_1)
DA:9,1
DA:13,0
DA:14,0
DA:15,0
DA:20,0
DA:21,0
LF:6
LH:1
BRDA:20,0,0,0
BRDA:20,1,0,0
BRDA:20,1,1,0
BRDA:20,2,0,0
BRDA:20,2,1,0
BRDA:20,3,0,0
BRDA:20,3,1,0
BRDA:20,4,0,0
BRDA:20,4,1,0
BRDA:20,5,0,0
BRDA:20,5,1,0
BRDA:20,6,0,0
BRDA:20,6,1,0
BRDA:20,7,0,0
BRDA:20,7,1,0
BRF:15
BRH:0
end_of_record
TN:
SF:src/app/generics/data-table/data-table.component.ts
FN:38,(anonymous_1)
FN:42,(anonymous_2)
FN:43,(anonymous_3)
FN:52,(anonymous_4)
FN:62,(anonymous_5)
FN:74,(anonymous_6)
FN:82,(anonymous_7)
FN:84,(anonymous_8)
FN:93,(anonymous_9)
FN:102,(anonymous_10)
FN:113,(anonymous_11)
FN:122,(anonymous_12)
FN:130,(anonymous_13)
FN:138,(anonymous_14)
FN:142,(anonymous_15)
FNF:15
FNH:7
FNDA:3,(anonymous_1)
FNDA:3,(anonymous_2)
FNDA:12,(anonymous_3)
FNDA:3,(anonymous_4)
FNDA:3,(anonymous_5)
FNDA:0,(anonymous_6)
FNDA:0,(anonymous_7)
FNDA:0,(anonymous_8)
FNDA:0,(anonymous_9)
FNDA:0,(anonymous_10)
FNDA:1344,(anonymous_11)
FNDA:0,(anonymous_12)
FNDA:0,(anonymous_13)
FNDA:0,(anonymous_14)
FNDA:8,(anonymous_15)
DA:13,1
DA:14,8
DA:15,8
DA:20,8
DA:21,8
DA:22,8
DA:23,8
DA:24,8
DA:27,8
DA:28,8
DA:30,8
DA:31,8
DA:32,8
DA:33,8
DA:34,8
DA:35,8
DA:39,3
DA:43,12
DA:44,3
DA:45,3
DA:47,0
DA:53,3
DA:54,3
DA:63,3
DA:64,3
DA:65,3
DA:66,3
DA:67,3
DA:75,0
DA:76,0
DA:84,0
DA:85,0
DA:94,0
DA:103,0
DA:104,0
DA:114,1344
DA:115,336
DA:123,0
DA:124,0
DA:131,0
DA:139,0
DA:143,8
DA:144,8
DA:145,8
LF:44
LH:32
BRDA:44,0,0,3
BRDA:44,0,1,0
BRDA:53,1,0,3
BRDA:66,2,0,3
BRDA:103,3,0,0
BRDA:114,4,0,336
BRDA:123,5,0,0
BRDA:123,6,0,0
BRDA:123,6,1,0
BRF:9
BRH:4
end_of_record
TN:
SF:src/app/helpers/constants.ts
FNF:0
FNH:0
DA:2,1
DA:3,1
DA:4,1
DA:5,1
DA:8,1
DA:11,1
LF:6
LH:6
BRF:0
BRH:0
end_of_record
TN:
SF:src/app/helpers/role-permissions.ts
FNF:0
FNH:0
DA:1,1
LF:1
LH:1
BRF:0
BRH:0
end_of_record
TN:
SF:src/app/helpers/utils.ts
FN:8,(anonymous_0)
FN:9,(anonymous_1)
FN:18,(anonymous_2)
FN:19,(anonymous_3)
FN:29,(anonymous_4)
FN:30,(anonymous_5)
FN:46,(anonymous_6)
FN:47,(anonymous_7)
FN:62,(anonymous_8)
FNF:9
FNH:1
FNDA:0,(anonymous_0)
FNDA:0,(anonymous_1)
FNDA:0,(anonymous_2)
FNDA:0,(anonymous_3)
FNDA:0,(anonymous_4)
FNDA:0,(anonymous_5)
FNDA:0,(anonymous_6)
FNDA:0,(anonymous_7)
FNDA:336,(anonymous_8)
DA:9,0
DA:10,0
DA:19,0
DA:20,0
DA:30,0
DA:31,0
DA:32,0
DA:33,0
DA:34,0
DA:37,0
DA:47,0
DA:48,0
DA:49,0
DA:51,0
DA:54,0
DA:63,336
DA:64,312
DA:65,312
DA:71,12
DA:77,12
DA:83,288
DA:85,0
DA:88,0
LF:23
LH:6
BRDA:10,0,0,0
BRDA:10,0,1,0
BRDA:10,1,0,0
BRDA:10,1,1,0
BRDA:19,2,0,0
BRDA:19,2,1,0
BRDA:19,3,0,0
BRDA:19,3,1,0
BRDA:31,4,0,0
BRDA:31,4,1,0
BRDA:32,5,0,0
BRDA:32,5,1,0
BRDA:32,6,0,0
BRDA:32,6,1,0
BRDA:33,7,0,0
BRDA:34,8,0,0
BRDA:34,8,1,0
BRDA:34,9,0,0
BRDA:34,9,1,0
BRDA:48,10,0,0
BRDA:48,10,1,0
BRDA:49,11,0,0
BRDA:49,11,1,0
BRDA:49,12,0,0
BRDA:49,12,1,0
BRDA:51,13,0,0
BRDA:51,13,1,0
BRDA:51,14,0,0
BRDA:51,14,1,0
BRDA:63,15,0,312
BRDA:63,16,0,336
BRDA:63,16,1,312
BRDA:65,17,0,0
BRDA:65,17,1,0
BRDA:65,17,2,0
BRDA:65,17,3,12
BRDA:65,17,4,12
BRDA:65,17,5,0
BRDA:65,17,6,0
BRDA:65,17,7,0
BRDA:65,17,8,12
BRDA:65,17,9,12
BRDA:65,17,10,0
BRDA:65,17,11,0
BRDA:65,17,12,0
BRDA:65,17,13,0
BRDA:65,17,14,288
BRDA:65,17,15,0
BRF:48
BRH:8
end_of_record
TN:
SF:src/app/modules/material/material.module.ts
FNF:0
FNH:0
DA:147,1
LF:1
LH:1
BRF:0
BRH:0
end_of_record
TN:
SF:src/app/modules/shared/shared.module.ts
FNF:0
FNH:0
DA:38,1
LF:1
LH:1
BRF:0
BRH:0
end_of_record
TN:
SF:src/app/pipes/data-property-getter.pipe.ts
FN:8,(anonymous_0)
FNF:1
FNH:1
FNDA:672,(anonymous_0)
DA:6,1
DA:9,672
LF:2
LH:2
BRF:0
BRH:0
end_of_record
TN:
SF:src/app/pipes/na.pipe.ts
FN:8,(anonymous_0)
FNF:1
FNH:1
FNDA:672,(anonymous_0)
DA:6,1
DA:9,672
LF:2
LH:2
BRDA:9,0,0,24
BRDA:9,0,1,648
BRDA:9,1,0,672
BRDA:9,1,1,672
BRF:4
BRH:4
end_of_record
TN:
SF:src/app/services/customer-admin-email.service.ts
FN:11,(anonymous_0)
FN:18,(anonymous_1)
FN:27,(anonymous_2)
FN:35,(anonymous_3)
FNF:4
FNH:0
FNDA:0,(anonymous_0)
FNDA:0,(anonymous_1)
FNDA:0,(anonymous_2)
FNDA:0,(anonymous_3)
DA:8,1
DA:9,0
DA:11,0
DA:19,0
DA:28,0
DA:36,0
DA:37,0
DA:38,0
LF:8
LH:1
BRF:0
BRH:0
end_of_record
TN:
SF:src/app/services/customer.service.ts
FN:17,(anonymous_0)
FN:19,(anonymous_1)
FN:21,(anonymous_2)
FN:25,(anonymous_3)
FN:27,(anonymous_4)
FN:36,(anonymous_5)
FN:44,(anonymous_6)
FN:54,(anonymous_7)
FN:68,(anonymous_8)
FN:77,(anonymous_9)
FN:85,(anonymous_10)
FNF:11
FNH:3
FNDA:1,(anonymous_0)
FNDA:0,(anonymous_1)
FNDA:0,(anonymous_2)
FNDA:0,(anonymous_3)
FNDA:0,(anonymous_4)
FNDA:0,(anonymous_5)
FNDA:0,(anonymous_6)
FNDA:1,(anonymous_7)
FNDA:0,(anonymous_8)
FNDA:0,(anonymous_9)
FNDA:1,(anonymous_10)
DA:11,1
DA:12,1
DA:17,1
DA:19,0
DA:22,0
DA:25,0
DA:28,0
DA:37,0
DA:45,0
DA:46,0
DA:55,1
DA:56,1
DA:57,0
DA:59,1
DA:60,1
DA:69,0
DA:78,0
DA:86,1
DA:87,1
DA:88,1
LF:20
LH:10
BRDA:22,0,0,0
BRDA:22,0,1,0
BRDA:56,1,0,0
BRF:3
BRH:0
end_of_record
TN:
SF:src/app/services/dialog.service.ts
FN:14,(anonymous_0)
FN:16,(anonymous_1)
FN:26,(anonymous_2)
FNF:3
FNH:0
FNDA:0,(anonymous_0)
FNDA:0,(anonymous_1)
FNDA:0,(anonymous_2)
DA:12,1
DA:14,0
DA:17,0
DA:27,0
LF:4
LH:1
BRF:0
BRH:0
end_of_record
TN:
SF:src/app/services/license.service.ts
FN:12,(anonymous_0)
FN:19,(anonymous_1)
FN:27,(anonymous_2)
FN:35,(anonymous_3)
FN:50,(anonymous_4)
FN:59,(anonymous_5)
FN:67,(anonymous_6)
FNF:7
FNH:7
FNDA:7,(anonymous_0)
FNDA:1,(anonymous_1)
FNDA:1,(anonymous_2)
FNDA:3,(anonymous_3)
FNDA:1,(anonymous_4)
FNDA:1,(anonymous_5)
FNDA:4,(anonymous_6)
DA:9,1
DA:10,7
DA:12,7
DA:20,1
DA:28,1
DA:29,1
DA:36,3
DA:37,3
DA:38,1
DA:39,2
DA:40,1
DA:42,3
DA:43,3
DA:51,1
DA:60,1
DA:68,4
DA:69,4
DA:70,4
LF:18
LH:18
BRDA:37,0,0,1
BRDA:37,0,1,2
BRDA:39,1,0,1
BRF:3
BRH:3
end_of_record
TN:
SF:src/app/services/snack-bar.service.ts
FN:11,(anonymous_0)
FN:18,(anonymous_1)
FNF:2
FNH:0
FNDA:0,(anonymous_0)
FNDA:0,(anonymous_1)
DA:7,1
DA:8,0
DA:9,0
DA:11,0
DA:19,0
LF:5
LH:1
BRDA:22,0,0,0
BRDA:22,0,1,0
BRF:2
BRH:0
end_of_record
TN:
SF:src/app/services/sub-account.service.ts
FN:14,(anonymous_0)
FN:17,(anonymous_1)
FN:19,(anonymous_2)
FN:28,(anonymous_3)
FN:36,(anonymous_4)
FN:44,(anonymous_5)
FN:60,(anonymous_6)
FN:69,(anonymous_7)
FN:78,(anonymous_8)
FNF:9
FNH:0
FNDA:0,(anonymous_0)
FNDA:0,(anonymous_1)
FNDA:0,(anonymous_2)
FNDA:0,(anonymous_3)
FNDA:0,(anonymous_4)
FNDA:0,(anonymous_5)
FNDA:0,(anonymous_6)
FNDA:0,(anonymous_7)
FNDA:0,(anonymous_8)
DA:10,1
DA:11,0
DA:14,0
DA:17,0
DA:20,0
DA:29,0
DA:37,0
DA:38,0
DA:45,0
DA:46,0
DA:47,0
DA:48,0
DA:49,0
DA:52,0
DA:53,0
DA:61,0
DA:70,0
DA:79,0
DA:80,0
DA:81,0
LF:20
LH:1
BRDA:20,0,0,0
BRDA:20,0,1,0
BRDA:46,1,0,0
BRDA:46,1,1,0
BRDA:48,2,0,0
BRF:5
BRH:0
end_of_record
TN:
SF:src/app/services/subaccount-admin-email.service.ts
FN:11,(anonymous_0)
FN:18,(anonymous_1)
FN:27,(anonymous_2)
FN:35,(anonymous_3)
FNF:4
FNH:0
FNDA:0,(anonymous_0)
FNDA:0,(anonymous_1)
FNDA:0,(anonymous_2)
FNDA:0,(anonymous_3)
DA:8,1
DA:9,0
DA:11,0
DA:19,0
DA:28,0
DA:36,0
DA:37,0
DA:38,0
LF:8
LH:1
BRF:0
BRH:0
end_of_record
TN:
SF:src/environments/environment.ts
FNF:0
FNH:0
DA:5,1
LF:1
LH:1
BRF:0
BRH:0
end_of_record
