<?xml version="1.0"?>
<testsuite name="Chrome Headless 103.0.5060.134 (Windows 10)" package="Unit Tests" timestamp="2022-07-28T15:46:50" id="0" hostname="DESKDEV1" tests="9" errors="0" failures="2" time="1.838">
  <properties>
    <property name="browser.fullName" value="Mozilla/5.0 (Windows NT 10.0; Win64; x64) AppleWebKit/537.36 (KHTML, like Gecko) HeadlessChrome/103.0.5060.134 Safari/537.36"/>
  </properties>
  <testcase name="UI verification tests should load correct data columns for the table" time="0.798" classname=".UI verification tests">
    <failure type="">Error: Expected 'Subscription Status' to be 'Status'.
    at &lt;Jasmine&gt;
    at UserContext.apply (src/app/dashboard/dashboard.component.spec.ts:108:40)
    at ZoneDelegate.invoke (node_modules/zone.js/fesm2015/zone.js:372:26)
    at ProxyZoneSpec.onInvoke (node_modules/zone.js/fesm2015/zone-testing.js:287:39)
</failure>
  </testcase>
  <testcase name="UI verification tests should display essential UI and components" time="0.462" classname=".UI verification tests"/>
  <testcase name="Customer service http requests test should return expected customer list" time="0" classname=".Customer service http requests test">
    <skipped/>
  </testcase>
  <testcase name="Navigation should navigate to customer licenses after calling openLicenseDetails()" time="0.056" classname=".Navigation"/>
  <testcase name="Navigation should navigate to project details after calling openProjectDetails()" time="0.013" classname=".Navigation"/>
  <testcase name="Navigation should navigate to license consumption after calling openLicenseConsumption()" time="0.014" classname=".Navigation"/>
  <testcase name="Dialog calls and interactions should execute rowAction() with expected data given set arguments" time="0.025" classname=".Dialog calls and interactions">
    <failure type="">Expected spy openLicenseDetails to have been called with:
  [ Object({ testProperty: 'testData' }) ]
but it was never called.
Error: Expected spy openLicenseDetails to have been called with:
  [ Object({ testProperty: 'testData' }) ]
but it was never called.
    at &lt;Jasmine&gt;
    at UserContext.apply (src/app/dashboard/dashboard.component.spec.ts:174:67)
    at ZoneDelegate.invoke (node_modules/zone.js/fesm2015/zone.js:372:26)
    at ProxyZoneSpec.onInvoke (node_modules/zone.js/fesm2015/zone-testing.js:287:39)
</failure>
    <failure type="">Expected spy openLicenseConsumption to have been called with:
  [ Object({ testProperty: 'testData' }) ]
but it was never called.
Error: Expected spy openLicenseConsumption to have been called with:
  [ Object({ testProperty: 'testData' }) ]
but it was never called.
    at &lt;Jasmine&gt;
    at UserContext.apply (src/app/dashboard/dashboard.component.spec.ts:178:71)
    at ZoneDelegate.invoke (node_modules/zone.js/fesm2015/zone.js:372:26)
    at ProxyZoneSpec.onInvoke (node_modules/zone.js/fesm2015/zone-testing.js:287:39)
</failure>
    <failure type="">Expected spy openProjectDetails to have been called with:
  [ Object({ testProperty: 'testData' }) ]
but it was never called.
Error: Expected spy openProjectDetails to have been called with:
  [ Object({ testProperty: 'testData' }) ]
but it was never called.
    at &lt;Jasmine&gt;
    at UserContext.apply (src/app/dashboard/dashboard.component.spec.ts:182:67)
    at ZoneDelegate.invoke (node_modules/zone.js/fesm2015/zone.js:372:26)
    at ProxyZoneSpec.onInvoke (node_modules/zone.js/fesm2015/zone-testing.js:287:39)
</failure>
  </testcase>
  <testcase name="Dialog calls and interactions should openDialog with expected data for given arguments" time="0.017" classname=".Dialog calls and interactions"/>
  <testcase name="Data collection and parsing tests should make a call to get customers, licences and subaccounts" time="0.453" classname=".Data collection and parsing tests"/>
  <system-out>
    <![CDATA[Chrome Headless 103.0.5060.134 (Windows 10) DEBUG: 'add-customer dialog closed: true'
,Chrome Headless 103.0.5060.134 (Windows 10) DEBUG: 'add-subaccount dialog closed: true'
,Chrome Headless 103.0.5060.134 (Windows 10) DEBUG: 'modify dialog closed: true'
,Chrome Headless 103.0.5060.134 (Windows 10) DEBUG: 'Edit dialog closed: true'
,Chrome Headless 103.0.5060.134 (Windows 10) DEBUG: 'View Customer Admin Emails dialog closed: true'
,Chrome Headless 103.0.5060.134 (Windows 10) DEBUG: 'View Subaccount Admin Emails dialog closed: true'

]]>
  </system-out>
  <system-err/>
</testsuite>