{"total": {"lines":{"total":546,"covered":203,"skipped":0,"pct":37.17},"statements":{"total":587,"covered":234,"skipped":0,"pct":39.86},"functions":{"total":173,"covered":45,"skipped":0,"pct":26.01},"branches":{"total":209,"covered":51,"skipped":0,"pct":24.4},"branchesTrue":{"total":0,"covered":0,"skipped":0,"pct":100}}
,"/Users/oscar_sgc/Documents/AITBOL/Projects/Tekvizion/license-server/ui/src/app/dashboard/dashboard.component.ts": {"lines":{"total":158,"covered":99,"skipped":0,"pct":62.65},"functions":{"total":42,"covered":21,"skipped":0,"pct":50},"statements":{"total":170,"covered":105,"skipped":0,"pct":61.76},"branches":{"total":69,"covered":28,"skipped":0,"pct":40.57}}
,"/Users/oscar_sgc/Documents/AITBOL/Projects/Tekvizion/license-server/ui/src/app/dashboard/add-customer-account-modal/add-customer-account-modal.component.ts": {"lines":{"total":31,"covered":1,"skipped":0,"pct":3.22},"functions":{"total":7,"covered":0,"skipped":0,"pct":0},"statements":{"total":32,"covered":2,"skipped":0,"pct":6.25},"branches":{"total":4,"covered":0,"skipped":0,"pct":0}}
,"/Users/oscar_sgc/Documents/AITBOL/Projects/Tekvizion/license-server/ui/src/app/dashboard/add-subaccount-modal/add-subaccount-modal.component.ts": {"lines":{"total":24,"covered":1,"skipped":0,"pct":4.16},"functions":{"total":7,"covered":0,"skipped":0,"pct":0},"statements":{"total":25,"covered":2,"skipped":0,"pct":8},"branches":{"total":2,"covered":0,"skipped":0,"pct":0}}
,"/Users/oscar_sgc/Documents/AITBOL/Projects/Tekvizion/license-server/ui/src/app/dashboard/admin-emails-modal/admin-emails.component.ts": {"lines":{"total":46,"covered":1,"skipped":0,"pct":2.17},"functions":{"total":14,"covered":0,"skipped":0,"pct":0},"statements":{"total":48,"covered":2,"skipped":0,"pct":4.16},"branches":{"total":15,"covered":0,"skipped":0,"pct":0}}
,"/Users/oscar_sgc/Documents/AITBOL/Projects/Tekvizion/license-server/ui/src/app/dashboard/modify-customer-account/modify-customer-account.component.ts": {"lines":{"total":32,"covered":1,"skipped":0,"pct":3.12},"functions":{"total":7,"covered":0,"skipped":0,"pct":0},"statements":{"total":33,"covered":2,"skipped":0,"pct":6.06},"branches":{"total":4,"covered":0,"skipped":0,"pct":0}}
,"/Users/oscar_sgc/Documents/AITBOL/Projects/Tekvizion/license-server/ui/src/app/dashboard/subaccount-admin-emails-modal/subaccount-admin-emails.component.ts": {"lines":{"total":46,"covered":1,"skipped":0,"pct":2.17},"functions":{"total":14,"covered":0,"skipped":0,"pct":0},"statements":{"total":48,"covered":2,"skipped":0,"pct":4.16},"branches":{"total":15,"covered":0,"skipped":0,"pct":0}}
,"/Users/oscar_sgc/Documents/AITBOL/Projects/Tekvizion/license-server/ui/src/app/dialogs/confirm/confirm.component.ts": {"lines":{"total":2,"covered":1,"skipped":0,"pct":50},"functions":{"total":1,"covered":0,"skipped":0,"pct":0},"statements":{"total":3,"covered":2,"skipped":0,"pct":66.66},"branches":{"total":0,"covered":0,"skipped":0,"pct":100}}
,"/Users/oscar_sgc/Documents/AITBOL/Projects/Tekvizion/license-server/ui/src/app/dialogs/delete-customer/delete-customer-modal.component.ts": {"lines":{"total":2,"covered":1,"skipped":0,"pct":50},"functions":{"total":1,"covered":0,"skipped":0,"pct":0},"statements":{"total":3,"covered":2,"skipped":0,"pct":66.66},"branches":{"total":0,"covered":0,"skipped":0,"pct":100}}
,"/Users/oscar_sgc/Documents/AITBOL/Projects/Tekvizion/license-server/ui/src/app/directives/check-access-for.directive.ts": {"lines":{"total":10,"covered":9,"skipped":0,"pct":90},"functions":{"total":4,"covered":4,"skipped":0,"pct":100},"statements":{"total":12,"covered":11,"skipped":0,"pct":91.66},"branches":{"total":6,"covered":4,"skipped":0,"pct":66.66}}
,"/Users/oscar_sgc/Documents/AITBOL/Projects/Tekvizion/license-server/ui/src/app/directives/date-range-directive.ts": {"lines":{"total":25,"covered":2,"skipped":0,"pct":8},"functions":{"total":8,"covered":0,"skipped":0,"pct":0},"statements":{"total":27,"covered":4,"skipped":0,"pct":14.81},"branches":{"total":5,"covered":0,"skipped":0,"pct":0}}
,"/Users/oscar_sgc/Documents/AITBOL/Projects/Tekvizion/license-server/ui/src/app/directives/feature-toggle.directive.ts": {"lines":{"total":6,"covered":1,"skipped":0,"pct":16.66},"functions":{"total":2,"covered":0,"skipped":0,"pct":0},"statements":{"total":7,"covered":2,"skipped":0,"pct":28.57},"branches":{"total":15,"covered":0,"skipped":0,"pct":0}}
,"/Users/oscar_sgc/Documents/AITBOL/Projects/Tekvizion/license-server/ui/src/app/generics/data-table/data-table.component.ts": {"lines":{"total":44,"covered":32,"skipped":0,"pct":72.72},"functions":{"total":15,"covered":7,"skipped":0,"pct":46.66},"statements":{"total":47,"covered":34,"skipped":0,"pct":72.34},"branches":{"total":9,"covered":4,"skipped":0,"pct":44.44}}
,"/Users/oscar_sgc/Documents/AITBOL/Projects/Tekvizion/license-server/ui/src/app/helpers/constants.ts": {"lines":{"total":6,"covered":6,"skipped":0,"pct":100},"functions":{"total":0,"covered":0,"skipped":0,"pct":100},"statements":{"total":6,"covered":6,"skipped":0,"pct":100},"branches":{"total":0,"covered":0,"skipped":0,"pct":100}}
,"/Users/oscar_sgc/Documents/AITBOL/Projects/Tekvizion/license-server/ui/src/app/helpers/role-permissions.ts": {"lines":{"total":1,"covered":1,"skipped":0,"pct":100},"functions":{"total":0,"covered":0,"skipped":0,"pct":100},"statements":{"total":1,"covered":1,"skipped":0,"pct":100},"branches":{"total":0,"covered":0,"skipped":0,"pct":100}}
,"/Users/oscar_sgc/Documents/AITBOL/Projects/Tekvizion/license-server/ui/src/app/helpers/utils.ts": {"lines":{"total":23,"covered":6,"skipped":0,"pct":26.08},"functions":{"total":9,"covered":1,"skipped":0,"pct":11.11},"statements":{"total":24,"covered":6,"skipped":0,"pct":25},"branches":{"total":48,"covered":8,"skipped":0,"pct":16.66}}
,"/Users/oscar_sgc/Documents/AITBOL/Projects/Tekvizion/license-server/ui/src/app/modules/material/material.module.ts": {"lines":{"total":1,"covered":1,"skipped":0,"pct":100},"functions":{"total":0,"covered":0,"skipped":0,"pct":100},"statements":{"total":2,"covered":2,"skipped":0,"pct":100},"branches":{"total":0,"covered":0,"skipped":0,"pct":100}}
,"/Users/oscar_sgc/Documents/AITBOL/Projects/Tekvizion/license-server/ui/src/app/modules/shared/shared.module.ts": {"lines":{"total":1,"covered":1,"skipped":0,"pct":100},"functions":{"total":0,"covered":0,"skipped":0,"pct":100},"statements":{"total":2,"covered":2,"skipped":0,"pct":100},"branches":{"total":0,"covered":0,"skipped":0,"pct":100}}
,"/Users/oscar_sgc/Documents/AITBOL/Projects/Tekvizion/license-server/ui/src/app/pipes/data-property-getter.pipe.ts": {"lines":{"total":2,"covered":2,"skipped":0,"pct":100},"functions":{"total":1,"covered":1,"skipped":0,"pct":100},"statements":{"total":3,"covered":3,"skipped":0,"pct":100},"branches":{"total":0,"covered":0,"skipped":0,"pct":100}}
,"/Users/oscar_sgc/Documents/AITBOL/Projects/Tekvizion/license-server/ui/src/app/pipes/na.pipe.ts": {"lines":{"total":2,"covered":2,"skipped":0,"pct":100},"functions":{"total":1,"covered":1,"skipped":0,"pct":100},"statements":{"total":3,"covered":3,"skipped":0,"pct":100},"branches":{"total":4,"covered":4,"skipped":0,"pct":100}}
,"/Users/oscar_sgc/Documents/AITBOL/Projects/Tekvizion/license-server/ui/src/app/services/customer-admin-email.service.ts": {"lines":{"total":8,"covered":1,"skipped":0,"pct":12.5},"functions":{"total":4,"covered":0,"skipped":0,"pct":0},"statements":{"total":9,"covered":2,"skipped":0,"pct":22.22},"branches":{"total":0,"covered":0,"skipped":0,"pct":100}}
,"/Users/oscar_sgc/Documents/AITBOL/Projects/Tekvizion/license-server/ui/src/app/services/customer.service.ts": {"lines":{"total":20,"covered":10,"skipped":0,"pct":50},"functions":{"total":11,"covered":3,"skipped":0,"pct":27.27},"statements":{"total":21,"covered":11,"skipped":0,"pct":52.38},"branches":{"total":3,"covered":0,"skipped":0,"pct":0}}
,"/Users/oscar_sgc/Documents/AITBOL/Projects/Tekvizion/license-server/ui/src/app/services/dialog.service.ts": {"lines":{"total":4,"covered":1,"skipped":0,"pct":25},"functions":{"total":3,"covered":0,"skipped":0,"pct":0},"statements":{"total":5,"covered":2,"skipped":0,"pct":40},"branches":{"total":0,"covered":0,"skipped":0,"pct":100}}
,"/Users/oscar_sgc/Documents/AITBOL/Projects/Tekvizion/license-server/ui/src/app/services/license.service.ts": {"lines":{"total":18,"covered":18,"skipped":0,"pct":100},"functions":{"total":7,"covered":7,"skipped":0,"pct":100},"statements":{"total":19,"covered":19,"skipped":0,"pct":100},"branches":{"total":3,"covered":3,"skipped":0,"pct":100}}
,"/Users/oscar_sgc/Documents/AITBOL/Projects/Tekvizion/license-server/ui/src/app/services/snack-bar.service.ts": {"lines":{"total":5,"covered":1,"skipped":0,"pct":20},"functions":{"total":2,"covered":0,"skipped":0,"pct":0},"statements":{"total":6,"covered":2,"skipped":0,"pct":33.33},"branches":{"total":2,"covered":0,"skipped":0,"pct":0}}
,"/Users/oscar_sgc/Documents/AITBOL/Projects/Tekvizion/license-server/ui/src/app/services/sub-account.service.ts": {"lines":{"total":20,"covered":1,"skipped":0,"pct":5},"functions":{"total":9,"covered":0,"skipped":0,"pct":0},"statements":{"total":21,"covered":2,"skipped":0,"pct":9.52},"branches":{"total":5,"covered":0,"skipped":0,"pct":0}}
,"/Users/oscar_sgc/Documents/AITBOL/Projects/Tekvizion/license-server/ui/src/app/services/subaccount-admin-email.service.ts": {"lines":{"total":8,"covered":1,"skipped":0,"pct":12.5},"functions":{"total":4,"covered":0,"skipped":0,"pct":0},"statements":{"total":9,"covered":2,"skipped":0,"pct":22.22},"branches":{"total":0,"covered":0,"skipped":0,"pct":100}}
,"/Users/oscar_sgc/Documents/AITBOL/Projects/Tekvizion/license-server/ui/src/environments/environment.ts": {"lines":{"total":1,"covered":1,"skipped":0,"pct":100},"functions":{"total":0,"covered":0,"skipped":0,"pct":100},"statements":{"total":1,"covered":1,"skipped":0,"pct":100},"branches":{"total":0,"covered":0,"skipped":0,"pct":100}}
}
