<?xml version="1.0"?>
<testsuite name="Chrome Headless 104.0.5112.79 (Mac OS 10.15.7)" package="Unit Tests" timestamp="2022-08-04T16:32:32" id="0" hostname="Mac.local" tests="16" errors="0" failures="0" time="0.817">
  <properties>
    <property name="browser.fullName" value="Mozilla/5.0 (Macintosh; Intel Mac OS X 10_15_7) AppleWebKit/537.36 (KHTML, like Gecko) HeadlessChrome/104.0.5112.79 Safari/537.36"/>
  </properties>
  <testcase name="UI verification tests should load correct data columns for the table" time="0.364" classname=".UI verification tests"/>
  <testcase name="UI verification tests should display essential UI and components" time="0.205" classname=".UI verification tests"/>
  <testcase name="Navigation should navigate to project details after calling openProjectDetails()" time="0.03" classname=".Navigation"/>
  <testcase name="Navigation should navigate to license consumption after calling openLicenseConsumption()" time="0.01" classname=".Navigation"/>
  <testcase name="Navigation should navigate to customer licenses after calling openLicenseDetails()" time="0.009" classname=".Navigation"/>
  <testcase name="Data collection and parsing tests should make a call to get customers, licences and subaccounts" time="0.153" classname=".Data collection and parsing tests"/>
  <testcase name="Customer service http requests test should return expected customer list" time="0.017" classname=".Customer service http requests test"/>
  <testcase name="Dialog calls and interactions should openDialog with expected data for given arguments" time="0.013" classname=".Dialog calls and interactions"/>
  <testcase name="Dialog calls and interactions should execute rowAction() with expected data given set arguments" time="0.01" classname=".Dialog calls and interactions"/>
  <testcase name="License service http requests test should return a list with all licenses" time="0.003" classname=".License service http requests test"/>
  <testcase name="License service http requests test should return expected license when retrieving per ID" time="0.001" classname=".License service http requests test"/>
  <testcase name="License service http requests test should return licenses list for specific subaccountName" time="0.001" classname=".License service http requests test"/>
  <testcase name="License service http requests test should update license Status and return License with updated status" time="0" classname=".License service http requests test"/>
  <testcase name="License service http requests test should delete license by ID return deleted license" time="0" classname=".License service http requests test"/>
  <testcase name="License service http requests test should create a license and return created license" time="0.001" classname=".License service http requests test"/>
  <testcase name="License service http requests test should return licenses list for specific subaccountId" time="0" classname=".License service http requests test"/>
  <system-out>
    <![CDATA[Chrome Headless 104.0.5112.79 (Mac OS 10.15.7) DEBUG: 'add-customer dialog closed: true'
,Chrome Headless 104.0.5112.79 (Mac OS 10.15.7) DEBUG: 'add-subaccount dialog closed: true'
,Chrome Headless 104.0.5112.79 (Mac OS 10.15.7) DEBUG: 'modify dialog closed: true'
,Chrome Headless 104.0.5112.79 (Mac OS 10.15.7) DEBUG: 'Edit dialog closed: true'
,Chrome Headless 104.0.5112.79 (Mac OS 10.15.7) DEBUG: 'View Customer Admin Emails dialog closed: true'
,Chrome Headless 104.0.5112.79 (Mac OS 10.15.7) DEBUG: 'View Subaccount Admin Emails dialog closed: true'

]]>
  </system-out>
  <system-err/>
</testsuite>